<?xml version="1.0" encoding="utf-8" ?>
<!DOCTYPE html PUBLIC "-//W3C//DTD XHTML 1.0 Strict//EN"
        "http://www.w3.org/TR/xhtml1/DTD/xhtml1-strict.dtd">
<html xmlns="http://www.w3.org/1999/xhtml" xml:lang="" lang="">
<head>
  <title>Test Results Report - Run on CHROME</title>
  <meta http-equiv="Content-Type" content="text/html;charset=utf-8" />
  <meta name="description" content="TestNG unit test results." />
  <link href="reportng.css" rel="stylesheet" type="text/css" />
    <script type="text/javascript" src="reportng.js"></script>
</head>
<body>
<h1>Run on CHROME</h1>
<p>
  Test duration: 118.075s
</p>



  <table class="resultsTable">
    <tr><th colspan="3" class="header failed">Failed Tests</th></tr>
          <tr>
        <td colspan="3" class="group">com.liveguru.TC_07_CreateAccountByDataProvider</td>
      </tr>
            
<tr>
  <td class="method">
                  TC_01_CreateAccAndShareWishlist
      </td>
  <td class="duration">
    0.601s
  </td>
  <td class="result">
        
          <i>Method arguments: </i><span class="arguments">"testuser_1", "12345678"</span><br />
    
        

        <a href="javascript:toggleElement('exception-0', 'block')" title="Click to expand/collapse"><b>org.openqa.selenium.NoSuchElementException: no such element: Unable to locate element: {&quot;method&quot;:&quot;xpath&quot;,&quot;selector&quot;:&quot;//a[@title=&apos;Create an Account&apos;]&quot;}<br/>
&nbsp; (Session info: chrome=70.0.3538.77)<br/>
&nbsp; (Driver info: chromedriver=2.41.578737 (49da6702b16031c40d63e5618de03a32ff6c197e),platform=Windows NT 10.0.17134 x86_64) (WARNING: The server did not provide any stacktrace information)<br/>
Command duration or timeout: 0 milliseconds<br/>
For documentation on this error, please visit: http://seleniumhq.org/exceptions/no_such_element.html<br/>
Build info: version: &apos;3.14.0&apos;, revision: &apos;aacccce0&apos;, time: &apos;2018-08-02T20:13:22.693Z&apos;<br/>
System info: host: &apos;DESKTOP-RDCSEE5&apos;, ip: &apos;172.17.80.1&apos;, os.name: &apos;Windows 10&apos;, os.arch: &apos;amd64&apos;, os.version: &apos;10.0&apos;, java.version: &apos;1.8.0_144&apos;<br/>
Driver info: org.openqa.selenium.chrome.ChromeDriver<br/>
Capabilities {acceptInsecureCerts: false, acceptSslCerts: false, applicationCacheEnabled: false, browserConnectionEnabled: false, browserName: chrome, chrome: {chromedriverVersion: 2.41.578737 (49da6702b16031..., userDataDir: C:\Users\alexs\AppData\Loca...}, cssSelectorsEnabled: true, databaseEnabled: false, goog:chromeOptions: {debuggerAddress: localhost:63175}, handlesAlerts: true, hasTouchScreen: false, javascriptEnabled: true, locationContextEnabled: true, mobileEmulationEnabled: false, nativeEvents: true, networkConnectionEnabled: false, pageLoadStrategy: normal, platform: XP, platformName: XP, rotatable: false, setWindowRect: true, takesHeapSnapshot: true, takesScreenshot: true, unexpectedAlertBehaviour: , unhandledPromptBehavior: , version: 70.0.3538.77, webStorageEnabled: true}<br/>
Session ID: d21f88455f6ae0e0d8562b3dafd6c973<br/>
*** Element info: {Using=xpath, value=//a[@title=&apos;Create an Account&apos;]}</b></a><br />
    <div class="stackTrace" id="exception-0">
              sun.reflect.NativeConstructorAccessorImpl.newInstance0(Native Method)<br />
              sun.reflect.NativeConstructorAccessorImpl.newInstance(NativeConstructorAccessorImpl.java:62)<br />
              sun.reflect.DelegatingConstructorAccessorImpl.newInstance(DelegatingConstructorAccessorImpl.java:45)<br />
              java.lang.reflect.Constructor.newInstance(Constructor.java:423)<br />
              org.openqa.selenium.remote.ErrorHandler.createThrowable(ErrorHandler.java:214)<br />
              org.openqa.selenium.remote.ErrorHandler.throwIfResponseFailed(ErrorHandler.java:166)<br />
              org.openqa.selenium.remote.http.JsonHttpResponseCodec.reconstructValue(JsonHttpResponseCodec.java:40)<br />
              org.openqa.selenium.remote.http.AbstractHttpResponseCodec.decode(AbstractHttpResponseCodec.java:80)<br />
              org.openqa.selenium.remote.http.AbstractHttpResponseCodec.decode(AbstractHttpResponseCodec.java:44)<br />
              org.openqa.selenium.remote.HttpCommandExecutor.execute(HttpCommandExecutor.java:158)<br />
              org.openqa.selenium.remote.service.DriverCommandExecutor.execute(DriverCommandExecutor.java:83)<br />
              org.openqa.selenium.remote.RemoteWebDriver.execute(RemoteWebDriver.java:548)<br />
              org.openqa.selenium.remote.RemoteWebDriver.findElement(RemoteWebDriver.java:322)<br />
              org.openqa.selenium.remote.RemoteWebDriver.findElementByXPath(RemoteWebDriver.java:424)<br />
              org.openqa.selenium.By$ByXPath.findElement(By.java:353)<br />
              org.openqa.selenium.remote.RemoteWebDriver.findElement(RemoteWebDriver.java:314)<br />
              commons.AbstractPage.clickToElement(AbstractPage.java:74)<br />
              liveguru.pageobjects.MyAccountPagePO.clickToCreateNewAccount(MyAccountPagePO.java:17)<br />
              com.liveguru.TC_07_CreateAccountByDataProvider.TC_01_CreateAccAndShareWishlist(TC_07_CreateAccountByDataProvider.java:59)<br />
              sun.reflect.NativeMethodAccessorImpl.invoke0(Native Method)<br />
              sun.reflect.NativeMethodAccessorImpl.invoke(NativeMethodAccessorImpl.java:62)<br />
              sun.reflect.DelegatingMethodAccessorImpl.invoke(DelegatingMethodAccessorImpl.java:43)<br />
              java.lang.reflect.Method.invoke(Method.java:498)<br />
              org.testng.internal.MethodInvocationHelper.invokeMethod(MethodInvocationHelper.java:86)<br />
              org.testng.internal.Invoker.invokeMethod(Invoker.java:645)<br />
              org.testng.internal.Invoker.invokeTestMethod(Invoker.java:822)<br />
              org.testng.internal.Invoker.invokeTestMethods(Invoker.java:1130)<br />
              org.testng.internal.TestMethodWorker.invokeTestMethods(TestMethodWorker.java:129)<br />
              org.testng.internal.TestMethodWorker.run(TestMethodWorker.java:112)<br />
              org.testng.TestRunner.privateRun(TestRunner.java:782)<br />
              org.testng.TestRunner.run(TestRunner.java:632)<br />
              org.testng.SuiteRunner.runTest(SuiteRunner.java:366)<br />
              org.testng.SuiteRunner.runSequentially(SuiteRunner.java:361)<br />
              org.testng.SuiteRunner.privateRun(SuiteRunner.java:319)<br />
              org.testng.SuiteRunner.run(SuiteRunner.java:268)<br />
              org.testng.SuiteRunnerWorker.runSuite(SuiteRunnerWorker.java:52)<br />
              org.testng.SuiteRunnerWorker.run(SuiteRunnerWorker.java:86)<br />
              org.testng.TestNG.runSuitesSequentially(TestNG.java:1244)<br />
              org.testng.TestNG.runSuitesLocally(TestNG.java:1169)<br />
              org.testng.TestNG.run(TestNG.java:1064)<br />
              org.testng.remote.RemoteTestNG.run(RemoteTestNG.java:113)<br />
              org.testng.remote.RemoteTestNG.initAndRun(RemoteTestNG.java:206)<br />
              org.testng.remote.RemoteTestNG.main(RemoteTestNG.java:177)<br />
                </div>
      </td>
</tr>
<tr>
  <td class="method">
                  TC_01_CreateAccAndShareWishlist
      </td>
  <td class="duration">
    0.830s
  </td>
  <td class="result">
        
          <i>Method arguments: </i><span class="arguments">"testuser_2", "87654321"</span><br />
    
        

        <a href="javascript:toggleElement('exception-1', 'block')" title="Click to expand/collapse"><b>org.openqa.selenium.NoSuchElementException: no such element: Unable to locate element: {&quot;method&quot;:&quot;xpath&quot;,&quot;selector&quot;:&quot;//a[@title=&apos;Create an Account&apos;]&quot;}<br/>
&nbsp; (Session info: chrome=70.0.3538.77)<br/>
&nbsp; (Driver info: chromedriver=2.41.578737 (49da6702b16031c40d63e5618de03a32ff6c197e),platform=Windows NT 10.0.17134 x86_64) (WARNING: The server did not provide any stacktrace information)<br/>
Command duration or timeout: 0 milliseconds<br/>
For documentation on this error, please visit: http://seleniumhq.org/exceptions/no_such_element.html<br/>
Build info: version: &apos;3.14.0&apos;, revision: &apos;aacccce0&apos;, time: &apos;2018-08-02T20:13:22.693Z&apos;<br/>
System info: host: &apos;DESKTOP-RDCSEE5&apos;, ip: &apos;172.17.80.1&apos;, os.name: &apos;Windows 10&apos;, os.arch: &apos;amd64&apos;, os.version: &apos;10.0&apos;, java.version: &apos;1.8.0_144&apos;<br/>
Driver info: org.openqa.selenium.chrome.ChromeDriver<br/>
Capabilities {acceptInsecureCerts: false, acceptSslCerts: false, applicationCacheEnabled: false, browserConnectionEnabled: false, browserName: chrome, chrome: {chromedriverVersion: 2.41.578737 (49da6702b16031..., userDataDir: C:\Users\alexs\AppData\Loca...}, cssSelectorsEnabled: true, databaseEnabled: false, goog:chromeOptions: {debuggerAddress: localhost:63175}, handlesAlerts: true, hasTouchScreen: false, javascriptEnabled: true, locationContextEnabled: true, mobileEmulationEnabled: false, nativeEvents: true, networkConnectionEnabled: false, pageLoadStrategy: normal, platform: XP, platformName: XP, rotatable: false, setWindowRect: true, takesHeapSnapshot: true, takesScreenshot: true, unexpectedAlertBehaviour: , unhandledPromptBehavior: , version: 70.0.3538.77, webStorageEnabled: true}<br/>
Session ID: d21f88455f6ae0e0d8562b3dafd6c973<br/>
*** Element info: {Using=xpath, value=//a[@title=&apos;Create an Account&apos;]}</b></a><br />
    <div class="stackTrace" id="exception-1">
              sun.reflect.NativeConstructorAccessorImpl.newInstance0(Native Method)<br />
              sun.reflect.NativeConstructorAccessorImpl.newInstance(NativeConstructorAccessorImpl.java:62)<br />
              sun.reflect.DelegatingConstructorAccessorImpl.newInstance(DelegatingConstructorAccessorImpl.java:45)<br />
              java.lang.reflect.Constructor.newInstance(Constructor.java:423)<br />
              org.openqa.selenium.remote.ErrorHandler.createThrowable(ErrorHandler.java:214)<br />
              org.openqa.selenium.remote.ErrorHandler.throwIfResponseFailed(ErrorHandler.java:166)<br />
              org.openqa.selenium.remote.http.JsonHttpResponseCodec.reconstructValue(JsonHttpResponseCodec.java:40)<br />
              org.openqa.selenium.remote.http.AbstractHttpResponseCodec.decode(AbstractHttpResponseCodec.java:80)<br />
              org.openqa.selenium.remote.http.AbstractHttpResponseCodec.decode(AbstractHttpResponseCodec.java:44)<br />
              org.openqa.selenium.remote.HttpCommandExecutor.execute(HttpCommandExecutor.java:158)<br />
              org.openqa.selenium.remote.service.DriverCommandExecutor.execute(DriverCommandExecutor.java:83)<br />
              org.openqa.selenium.remote.RemoteWebDriver.execute(RemoteWebDriver.java:548)<br />
              org.openqa.selenium.remote.RemoteWebDriver.findElement(RemoteWebDriver.java:322)<br />
              org.openqa.selenium.remote.RemoteWebDriver.findElementByXPath(RemoteWebDriver.java:424)<br />
              org.openqa.selenium.By$ByXPath.findElement(By.java:353)<br />
              org.openqa.selenium.remote.RemoteWebDriver.findElement(RemoteWebDriver.java:314)<br />
              commons.AbstractPage.clickToElement(AbstractPage.java:74)<br />
              liveguru.pageobjects.MyAccountPagePO.clickToCreateNewAccount(MyAccountPagePO.java:17)<br />
              com.liveguru.TC_07_CreateAccountByDataProvider.TC_01_CreateAccAndShareWishlist(TC_07_CreateAccountByDataProvider.java:59)<br />
              sun.reflect.NativeMethodAccessorImpl.invoke0(Native Method)<br />
              sun.reflect.NativeMethodAccessorImpl.invoke(NativeMethodAccessorImpl.java:62)<br />
              sun.reflect.DelegatingMethodAccessorImpl.invoke(DelegatingMethodAccessorImpl.java:43)<br />
              java.lang.reflect.Method.invoke(Method.java:498)<br />
              org.testng.internal.MethodInvocationHelper.invokeMethod(MethodInvocationHelper.java:86)<br />
              org.testng.internal.Invoker.invokeMethod(Invoker.java:645)<br />
              org.testng.internal.Invoker.invokeTestMethod(Invoker.java:822)<br />
              org.testng.internal.Invoker.invokeTestMethods(Invoker.java:1130)<br />
              org.testng.internal.TestMethodWorker.invokeTestMethods(TestMethodWorker.java:129)<br />
              org.testng.internal.TestMethodWorker.run(TestMethodWorker.java:112)<br />
              org.testng.TestRunner.privateRun(TestRunner.java:782)<br />
              org.testng.TestRunner.run(TestRunner.java:632)<br />
              org.testng.SuiteRunner.runTest(SuiteRunner.java:366)<br />
              org.testng.SuiteRunner.runSequentially(SuiteRunner.java:361)<br />
              org.testng.SuiteRunner.privateRun(SuiteRunner.java:319)<br />
              org.testng.SuiteRunner.run(SuiteRunner.java:268)<br />
              org.testng.SuiteRunnerWorker.runSuite(SuiteRunnerWorker.java:52)<br />
              org.testng.SuiteRunnerWorker.run(SuiteRunnerWorker.java:86)<br />
              org.testng.TestNG.runSuitesSequentially(TestNG.java:1244)<br />
              org.testng.TestNG.runSuitesLocally(TestNG.java:1169)<br />
              org.testng.TestNG.run(TestNG.java:1064)<br />
              org.testng.remote.RemoteTestNG.run(RemoteTestNG.java:113)<br />
              org.testng.remote.RemoteTestNG.initAndRun(RemoteTestNG.java:206)<br />
              org.testng.remote.RemoteTestNG.main(RemoteTestNG.java:177)<br />
                </div>
      </td>
</tr>
<tr>
  <td class="method">
                  TC_01_CreateAccAndShareWishlist
      </td>
  <td class="duration">
    0.558s
  </td>
  <td class="result">
        
          <i>Method arguments: </i><span class="arguments">"testuser_2", "87654321"</span><br />
    
        

        <a href="javascript:toggleElement('exception-2', 'block')" title="Click to expand/collapse"><b>org.openqa.selenium.NoSuchElementException: no such element: Unable to locate element: {&quot;method&quot;:&quot;xpath&quot;,&quot;selector&quot;:&quot;//a[@title=&apos;Create an Account&apos;]&quot;}<br/>
&nbsp; (Session info: chrome=70.0.3538.77)<br/>
&nbsp; (Driver info: chromedriver=2.41.578737 (49da6702b16031c40d63e5618de03a32ff6c197e),platform=Windows NT 10.0.17134 x86_64) (WARNING: The server did not provide any stacktrace information)<br/>
Command duration or timeout: 0 milliseconds<br/>
For documentation on this error, please visit: http://seleniumhq.org/exceptions/no_such_element.html<br/>
Build info: version: &apos;3.14.0&apos;, revision: &apos;aacccce0&apos;, time: &apos;2018-08-02T20:13:22.693Z&apos;<br/>
System info: host: &apos;DESKTOP-RDCSEE5&apos;, ip: &apos;172.17.80.1&apos;, os.name: &apos;Windows 10&apos;, os.arch: &apos;amd64&apos;, os.version: &apos;10.0&apos;, java.version: &apos;1.8.0_144&apos;<br/>
Driver info: org.openqa.selenium.chrome.ChromeDriver<br/>
Capabilities {acceptInsecureCerts: false, acceptSslCerts: false, applicationCacheEnabled: false, browserConnectionEnabled: false, browserName: chrome, chrome: {chromedriverVersion: 2.41.578737 (49da6702b16031..., userDataDir: C:\Users\alexs\AppData\Loca...}, cssSelectorsEnabled: true, databaseEnabled: false, goog:chromeOptions: {debuggerAddress: localhost:63175}, handlesAlerts: true, hasTouchScreen: false, javascriptEnabled: true, locationContextEnabled: true, mobileEmulationEnabled: false, nativeEvents: true, networkConnectionEnabled: false, pageLoadStrategy: normal, platform: XP, platformName: XP, rotatable: false, setWindowRect: true, takesHeapSnapshot: true, takesScreenshot: true, unexpectedAlertBehaviour: , unhandledPromptBehavior: , version: 70.0.3538.77, webStorageEnabled: true}<br/>
Session ID: d21f88455f6ae0e0d8562b3dafd6c973<br/>
*** Element info: {Using=xpath, value=//a[@title=&apos;Create an Account&apos;]}</b></a><br />
    <div class="stackTrace" id="exception-2">
              sun.reflect.NativeConstructorAccessorImpl.newInstance0(Native Method)<br />
              sun.reflect.NativeConstructorAccessorImpl.newInstance(NativeConstructorAccessorImpl.java:62)<br />
              sun.reflect.DelegatingConstructorAccessorImpl.newInstance(DelegatingConstructorAccessorImpl.java:45)<br />
              java.lang.reflect.Constructor.newInstance(Constructor.java:423)<br />
              org.openqa.selenium.remote.ErrorHandler.createThrowable(ErrorHandler.java:214)<br />
              org.openqa.selenium.remote.ErrorHandler.throwIfResponseFailed(ErrorHandler.java:166)<br />
              org.openqa.selenium.remote.http.JsonHttpResponseCodec.reconstructValue(JsonHttpResponseCodec.java:40)<br />
              org.openqa.selenium.remote.http.AbstractHttpResponseCodec.decode(AbstractHttpResponseCodec.java:80)<br />
              org.openqa.selenium.remote.http.AbstractHttpResponseCodec.decode(AbstractHttpResponseCodec.java:44)<br />
              org.openqa.selenium.remote.HttpCommandExecutor.execute(HttpCommandExecutor.java:158)<br />
              org.openqa.selenium.remote.service.DriverCommandExecutor.execute(DriverCommandExecutor.java:83)<br />
              org.openqa.selenium.remote.RemoteWebDriver.execute(RemoteWebDriver.java:548)<br />
              org.openqa.selenium.remote.RemoteWebDriver.findElement(RemoteWebDriver.java:322)<br />
              org.openqa.selenium.remote.RemoteWebDriver.findElementByXPath(RemoteWebDriver.java:424)<br />
              org.openqa.selenium.By$ByXPath.findElement(By.java:353)<br />
              org.openqa.selenium.remote.RemoteWebDriver.findElement(RemoteWebDriver.java:314)<br />
              commons.AbstractPage.clickToElement(AbstractPage.java:74)<br />
              liveguru.pageobjects.MyAccountPagePO.clickToCreateNewAccount(MyAccountPagePO.java:17)<br />
              com.liveguru.TC_07_CreateAccountByDataProvider.TC_01_CreateAccAndShareWishlist(TC_07_CreateAccountByDataProvider.java:59)<br />
              sun.reflect.NativeMethodAccessorImpl.invoke0(Native Method)<br />
              sun.reflect.NativeMethodAccessorImpl.invoke(NativeMethodAccessorImpl.java:62)<br />
              sun.reflect.DelegatingMethodAccessorImpl.invoke(DelegatingMethodAccessorImpl.java:43)<br />
              java.lang.reflect.Method.invoke(Method.java:498)<br />
              org.testng.internal.MethodInvocationHelper.invokeMethod(MethodInvocationHelper.java:86)<br />
              org.testng.internal.Invoker.invokeMethod(Invoker.java:645)<br />
              org.testng.internal.Invoker.invokeTestMethod(Invoker.java:822)<br />
              org.testng.internal.Invoker.invokeTestMethods(Invoker.java:1130)<br />
              org.testng.internal.TestMethodWorker.invokeTestMethods(TestMethodWorker.java:129)<br />
              org.testng.internal.TestMethodWorker.run(TestMethodWorker.java:112)<br />
              org.testng.TestRunner.privateRun(TestRunner.java:782)<br />
              org.testng.TestRunner.run(TestRunner.java:632)<br />
              org.testng.SuiteRunner.runTest(SuiteRunner.java:366)<br />
              org.testng.SuiteRunner.runSequentially(SuiteRunner.java:361)<br />
              org.testng.SuiteRunner.privateRun(SuiteRunner.java:319)<br />
              org.testng.SuiteRunner.run(SuiteRunner.java:268)<br />
              org.testng.SuiteRunnerWorker.runSuite(SuiteRunnerWorker.java:52)<br />
              org.testng.SuiteRunnerWorker.run(SuiteRunnerWorker.java:86)<br />
              org.testng.TestNG.runSuitesSequentially(TestNG.java:1244)<br />
              org.testng.TestNG.runSuitesLocally(TestNG.java:1169)<br />
              org.testng.TestNG.run(TestNG.java:1064)<br />
              org.testng.remote.RemoteTestNG.run(RemoteTestNG.java:113)<br />
              org.testng.remote.RemoteTestNG.initAndRun(RemoteTestNG.java:206)<br />
              org.testng.remote.RemoteTestNG.main(RemoteTestNG.java:177)<br />
                </div>
      </td>
</tr>
      </table>


  <table class="resultsTable">
    <tr><th colspan="3" class="header passed">Passed Tests</th></tr>
          <tr>
        <td colspan="3" class="group">com.liveguru.TC_01_CostOfProduct</td>
      </tr>
            
<tr>
  <td class="method">
                  TC_01_CostOfProd
      </td>
  <td class="duration">
    4.284s
  </td>
  <td class="result">
        
    
            <div class="testOutput">
                        2018-11-01 07:22:54,851 INFO&nbsp; com.liveguru.TC_01_CostOfProduct - SONY XPERIA is equals SONY XPERIA<br/>
<br />
                                2018-11-01 07:22:54,851 INFO&nbsp; com.liveguru.TC_01_CostOfProduct - ----------------- PASSED -----------------<br/>
<br />
                                2018-11-01 07:22:54,851 INFO&nbsp; com.liveguru.TC_01_CostOfProduct - $100.00 is equals $100.00<br/>
<br />
                                2018-11-01 07:22:54,851 INFO&nbsp; com.liveguru.TC_01_CostOfProduct - ----------------- PASSED -----------------<br/>
<br />
                  </div>
    

      </td>
</tr>
          <tr>
        <td colspan="3" class="group">com.liveguru.TC_02_VerifyDiscountCoupon</td>
      </tr>
            
<tr>
  <td class="method">
                  TC_02_VerifyCoupon
      </td>
  <td class="duration">
    4.628s
  </td>
  <td class="result">
        
    
            <div class="testOutput">
                        2018-11-01 07:23:07,477 INFO&nbsp; com.liveguru.TC_02_VerifyDiscountCoupon - ----------------- PASSED -----------------<br/>
<br />
                  </div>
    

      </td>
</tr>
          <tr>
        <td colspan="3" class="group">com.liveguru.TC_03_AddOverQuantiyInStock</td>
      </tr>
            
<tr>
  <td class="method">
                  TC_01_AddOverQuantity
      </td>
  <td class="duration">
    5.494s
  </td>
  <td class="result">
        
    
            <div class="testOutput">
                        2018-11-01 07:23:19,297 INFO&nbsp; com.liveguru.TC_03_AddOverQuantiyInStock - ----------------- PASSED -----------------<br/>
<br />
                                2018-11-01 07:23:19,379 INFO&nbsp; com.liveguru.TC_03_AddOverQuantiyInStock - * The maximum quantity allowed for purchase is 500. is equals * The maximum quantity allowed for purchase is 500.<br/>
<br />
                                2018-11-01 07:23:19,379 INFO&nbsp; com.liveguru.TC_03_AddOverQuantiyInStock - ----------------- PASSED -----------------<br/>
<br />
                                2018-11-01 07:23:19,379 INFO&nbsp; com.liveguru.TC_03_AddOverQuantiyInStock - Click to Empty Cart<br/>
<br />
                                2018-11-01 07:23:20,252 INFO&nbsp; com.liveguru.TC_03_AddOverQuantiyInStock - Verify Empty Msg is displayed<br/>
<br />
                                2018-11-01 07:23:20,299 INFO&nbsp; com.liveguru.TC_03_AddOverQuantiyInStock - ----------------- PASSED -----------------<br/>
<br />
                                2018-11-01 07:23:20,299 INFO&nbsp; com.liveguru.TC_03_AddOverQuantiyInStock - Verify content of Empty Msg<br/>
<br />
                                2018-11-01 07:23:20,391 INFO&nbsp; com.liveguru.TC_03_AddOverQuantiyInStock - SHOPPING CART IS EMPTY is equals SHOPPING CART IS EMPTY<br/>
<br />
                                2018-11-01 07:23:20,391 INFO&nbsp; com.liveguru.TC_03_AddOverQuantiyInStock - ----------------- PASSED -----------------<br/>
<br />
                  </div>
    

      </td>
</tr>
          <tr>
        <td colspan="3" class="group">com.liveguru.TC_04_CompareProducts</td>
      </tr>
            
<tr>
  <td class="method">
                  TC_01_CompareProd
      </td>
  <td class="duration">
    5.037s
  </td>
  <td class="result">
        
    
            <div class="testOutput">
                        2018-11-01 07:23:32,869 INFO&nbsp; com.liveguru.TC_04_CompareProducts - COMPARE PRODUCTS is equals COMPARE PRODUCTS<br/>
<br />
                                2018-11-01 07:23:32,869 INFO&nbsp; com.liveguru.TC_04_CompareProducts - ----------------- PASSED -----------------<br/>
<br />
                                2018-11-01 07:23:32,892 INFO&nbsp; com.liveguru.TC_04_CompareProducts - 2 is equals 2<br/>
<br />
                                2018-11-01 07:23:32,892 INFO&nbsp; com.liveguru.TC_04_CompareProducts - ----------------- PASSED -----------------<br/>
<br />
                                2018-11-01 07:23:32,947 INFO&nbsp; com.liveguru.TC_04_CompareProducts - ----------------- PASSED -----------------<br/>
<br />
                                2018-11-01 07:23:33,048 INFO&nbsp; com.liveguru.TC_04_CompareProducts - ----------------- PASSED -----------------<br/>
<br />
                  </div>
    

      </td>
</tr>
          <tr>
        <td colspan="3" class="group">com.liveguru.TC_05_CreateAccountSuccessful</td>
      </tr>
            
<tr>
  <td class="method">
                  TC_01_CreateAccAndShareWishlist
      </td>
  <td class="duration">
    10.221s
  </td>
  <td class="result">
        
    
            <div class="testOutput">
                        2018-11-01 07:23:45,876 INFO&nbsp; com.liveguru.TC_05_CreateAccountSuccessful - Thank you for registering with Main Website Store. is equals Thank you for registering with Main Website Store.<br/>
<br />
                                2018-11-01 07:23:45,876 INFO&nbsp; com.liveguru.TC_05_CreateAccountSuccessful - ----------------- PASSED -----------------<br/>
<br />
                                2018-11-01 07:23:50,994 INFO&nbsp; com.liveguru.TC_05_CreateAccountSuccessful - Your Wishlist has been shared. is equals Your Wishlist has been shared.<br/>
<br />
                                2018-11-01 07:23:50,994 INFO&nbsp; com.liveguru.TC_05_CreateAccountSuccessful - ----------------- PASSED -----------------<br/>
<br />
                  </div>
    

      </td>
</tr>
          <tr>
        <td colspan="3" class="group">com.liveguru.TC_06_UserPurcharseProd</td>
      </tr>
            
<tr>
  <td class="method">
                  TC_01_UserAblePurchaseProd
      </td>
  <td class="duration">
    14.784s
  </td>
  <td class="result">
        
    
            <div class="testOutput">
                        2018-11-01 07:24:01,706 INFO&nbsp; com.liveguru.TC_06_UserPurcharseProd - ----------------- PASSED -----------------<br/>
<br />
                                2018-11-01 07:24:06,936 INFO&nbsp; com.liveguru.TC_06_UserPurcharseProd - ----------------- PASSED -----------------<br/>
<br />
                                2018-11-01 07:24:08,192 INFO&nbsp; com.liveguru.TC_06_UserPurcharseProd - $620.00 is equals $620.00<br/>
<br />
                                2018-11-01 07:24:08,192 INFO&nbsp; com.liveguru.TC_06_UserPurcharseProd - ----------------- PASSED -----------------<br/>
<br />
                                2018-11-01 07:24:13,674 INFO&nbsp; com.liveguru.TC_06_UserPurcharseProd - THANK YOU FOR YOUR PURCHASE! is equals THANK YOU FOR YOUR PURCHASE!<br/>
<br />
                                2018-11-01 07:24:13,674 INFO&nbsp; com.liveguru.TC_06_UserPurcharseProd - ----------------- PASSED -----------------<br/>
<br />
                                2018-11-01 07:24:13,769 INFO&nbsp; com.liveguru.TC_06_UserPurcharseProd - 100008217<br/>
<br />
                  </div>
    

      </td>
</tr>
          <tr>
        <td colspan="3" class="group">com.liveguru.TC_07_CreateAccountByDataProvider</td>
      </tr>
            
<tr>
  <td class="method">
                  TC_01_CreateAccAndShareWishlist
      </td>
  <td class="duration">
    11.393s
  </td>
  <td class="result">
        
          <i>Method arguments: </i><span class="arguments">"testuser_1", "12345678"</span><br />
    
            <div class="testOutput">
                        2018-11-01 07:24:29,465 INFO&nbsp; com.liveguru.TC_07_CreateAccountByDataProvider - Thank you for registering with Main Website Store. is equals Thank you for registering with Main Website Store.<br/>
<br />
                                2018-11-01 07:24:29,465 INFO&nbsp; com.liveguru.TC_07_CreateAccountByDataProvider - ----------------- PASSED -----------------<br/>
<br />
                                2018-11-01 07:24:36,252 INFO&nbsp; com.liveguru.TC_07_CreateAccountByDataProvider - Your Wishlist has been shared. is equals Your Wishlist has been shared.<br/>
<br />
                                2018-11-01 07:24:36,253 INFO&nbsp; com.liveguru.TC_07_CreateAccountByDataProvider - ----------------- PASSED -----------------<br/>
<br />
                  </div>
    

      </td>
</tr>
      </table>
  
</body>
</html>
