<?xml version="1.0" encoding="UTF-8"?>
<testng-results skipped="0" failed="3" total="10" passed="7">
  <reporter-output>
    <line>
      <![CDATA[2018-11-01 14:40:52,090 INFO  com.liveguru.TC_01_CostOfProduct - Before Class: Open Url of Login Page
]]>
    </line>
    <line>
      <![CDATA[2018-11-01 14:41:14,656 INFO  com.liveguru.TC_01_CostOfProduct - SONY XPERIA is equals SONY XPERIA
]]>
    </line>
    <line>
      <![CDATA[2018-11-01 14:41:14,656 INFO  com.liveguru.TC_01_CostOfProduct - ----------------- PASSED -----------------
]]>
    </line>
    <line>
      <![CDATA[2018-11-01 14:41:14,656 INFO  com.liveguru.TC_01_CostOfProduct - $100.00 is equals $100.00
]]>
    </line>
    <line>
      <![CDATA[2018-11-01 14:41:14,657 INFO  com.liveguru.TC_01_CostOfProduct - ----------------- PASSED -----------------
]]>
    </line>
    <line>
      <![CDATA[2018-11-01 14:41:16,092 INFO  com.liveguru.TC_01_CostOfProduct - ---------- QUIT BROWSER SUCCESS ----------
]]>
    </line>
    <line>
      <![CDATA[2018-11-01 14:41:21,783 INFO  com.liveguru.TC_02_VerifyDiscountCoupon - Before Class: Open Url of Login Page
]]>
    </line>
    <line>
      <![CDATA[2018-11-01 14:41:40,245 INFO  com.liveguru.TC_02_VerifyDiscountCoupon - ----------------- PASSED -----------------
]]>
    </line>
    <line>
      <![CDATA[2018-11-01 14:41:41,216 INFO  com.liveguru.TC_02_VerifyDiscountCoupon - ---------- QUIT BROWSER SUCCESS ----------
]]>
    </line>
    <line>
      <![CDATA[2018-11-01 14:41:46,306 INFO  com.liveguru.TC_03_AddOverQuantiyInStock - Before Class: Open Url of Login Page
]]>
    </line>
    <line>
      <![CDATA[2018-11-01 14:42:03,977 INFO  com.liveguru.TC_03_AddOverQuantiyInStock - ----------------- PASSED -----------------
]]>
    </line>
    <line>
      <![CDATA[2018-11-01 14:42:04,027 INFO  com.liveguru.TC_03_AddOverQuantiyInStock - * The maximum quantity allowed for purchase is 500. is equals * The maximum quantity allowed for purchase is 500.
]]>
    </line>
    <line>
      <![CDATA[2018-11-01 14:42:04,027 INFO  com.liveguru.TC_03_AddOverQuantiyInStock - ----------------- PASSED -----------------
]]>
    </line>
    <line>
      <![CDATA[2018-11-01 14:42:04,027 INFO  com.liveguru.TC_03_AddOverQuantiyInStock - Click to Empty Cart
]]>
    </line>
    <line>
      <![CDATA[2018-11-01 14:42:05,540 INFO  com.liveguru.TC_03_AddOverQuantiyInStock - Verify Empty Msg is displayed
]]>
    </line>
    <line>
      <![CDATA[2018-11-01 14:42:05,572 INFO  com.liveguru.TC_03_AddOverQuantiyInStock - ----------------- PASSED -----------------
]]>
    </line>
    <line>
      <![CDATA[2018-11-01 14:42:05,572 INFO  com.liveguru.TC_03_AddOverQuantiyInStock - Verify content of Empty Msg
]]>
    </line>
    <line>
      <![CDATA[2018-11-01 14:42:05,628 INFO  com.liveguru.TC_03_AddOverQuantiyInStock - SHOPPING CART IS EMPTY is equals SHOPPING CART IS EMPTY
]]>
    </line>
    <line>
      <![CDATA[2018-11-01 14:42:05,628 INFO  com.liveguru.TC_03_AddOverQuantiyInStock - ----------------- PASSED -----------------
]]>
    </line>
    <line>
      <![CDATA[2018-11-01 14:42:06,501 INFO  com.liveguru.TC_03_AddOverQuantiyInStock - ---------- QUIT BROWSER SUCCESS ----------
]]>
    </line>
    <line>
      <![CDATA[2018-11-01 14:42:11,937 INFO  com.liveguru.TC_04_CompareProducts - Before Class: Open Url of Login Page
]]>
    </line>
    <line>
      <![CDATA[2018-11-01 14:42:36,889 INFO  com.liveguru.TC_04_CompareProducts - COMPARE PRODUCTS is equals COMPARE PRODUCTS
]]>
    </line>
    <line>
      <![CDATA[2018-11-01 14:42:36,889 INFO  com.liveguru.TC_04_CompareProducts - ----------------- PASSED -----------------
]]>
    </line>
    <line>
      <![CDATA[2018-11-01 14:42:36,906 INFO  com.liveguru.TC_04_CompareProducts - 2 is equals 2
]]>
    </line>
    <line>
      <![CDATA[2018-11-01 14:42:36,906 INFO  com.liveguru.TC_04_CompareProducts - ----------------- PASSED -----------------
]]>
    </line>
    <line>
      <![CDATA[2018-11-01 14:42:36,935 INFO  com.liveguru.TC_04_CompareProducts - ----------------- PASSED -----------------
]]>
    </line>
    <line>
      <![CDATA[2018-11-01 14:42:36,968 INFO  com.liveguru.TC_04_CompareProducts - ----------------- PASSED -----------------
]]>
    </line>
    <line>
      <![CDATA[2018-11-01 14:42:38,052 INFO  com.liveguru.TC_04_CompareProducts - ---------- QUIT BROWSER SUCCESS ----------
]]>
    </line>
    <line>
      <![CDATA[2018-11-01 14:42:43,294 INFO  com.liveguru.TC_05_CreateAccountSuccessful - Before Class: Open Url of Login Page
]]>
    </line>
    <line>
      <![CDATA[2018-11-01 14:42:58,781 INFO  com.liveguru.TC_05_CreateAccountSuccessful - Thank you for registering with Main Website Store. is equals Thank you for registering with Main Website Store.
]]>
    </line>
    <line>
      <![CDATA[2018-11-01 14:42:58,781 INFO  com.liveguru.TC_05_CreateAccountSuccessful - ----------------- PASSED -----------------
]]>
    </line>
    <line>
      <![CDATA[2018-11-01 14:43:09,819 INFO  com.liveguru.TC_05_CreateAccountSuccessful - Your Wishlist has been shared. is equals Your Wishlist has been shared.
]]>
    </line>
    <line>
      <![CDATA[2018-11-01 14:43:09,819 INFO  com.liveguru.TC_05_CreateAccountSuccessful - ----------------- PASSED -----------------
]]>
    </line>
    <line>
      <![CDATA[2018-11-01 14:43:11,965 INFO  com.liveguru.TC_05_CreateAccountSuccessful - ---------- QUIT BROWSER SUCCESS ----------
]]>
    </line>
    <line>
      <![CDATA[2018-11-01 14:43:20,038 INFO  com.liveguru.TC_06_UserPurcharseProd - Before Class: Open Url of Login Page
]]>
    </line>
    <line>
      <![CDATA[2018-11-01 14:43:33,013 INFO  com.liveguru.TC_06_UserPurcharseProd - ----------------- PASSED -----------------
]]>
    </line>
    <line>
      <![CDATA[2018-11-01 14:43:44,975 INFO  com.liveguru.TC_06_UserPurcharseProd - ----------------- PASSED -----------------
]]>
    </line>
    <line>
      <![CDATA[2018-11-01 14:43:47,203 INFO  com.liveguru.TC_06_UserPurcharseProd - $620.00 is equals $620.00
]]>
    </line>
    <line>
      <![CDATA[2018-11-01 14:43:47,203 INFO  com.liveguru.TC_06_UserPurcharseProd - ----------------- PASSED -----------------
]]>
    </line>
    <line>
      <![CDATA[2018-11-01 14:43:57,162 INFO  com.liveguru.TC_06_UserPurcharseProd - THANK YOU FOR YOUR PURCHASE! is equals THANK YOU FOR YOUR PURCHASE!
]]>
    </line>
    <line>
      <![CDATA[2018-11-01 14:43:57,162 INFO  com.liveguru.TC_06_UserPurcharseProd - ----------------- PASSED -----------------
]]>
    </line>
    <line>
      <![CDATA[2018-11-01 14:43:57,229 INFO  com.liveguru.TC_06_UserPurcharseProd - 100008218
]]>
    </line>
    <line>
      <![CDATA[2018-11-01 14:43:58,246 INFO  com.liveguru.TC_06_UserPurcharseProd - ---------- QUIT BROWSER SUCCESS ----------
]]>
    </line>
    <line>
      <![CDATA[2018-11-01 14:44:03,744 INFO  com.liveguru.TC_07_CreateAccountByDataProvider - Before Class: Open Url of Login Page
]]>
    </line>
    <line>
      <![CDATA[2018-11-01 14:44:23,087 INFO  com.liveguru.TC_07_CreateAccountByDataProvider - Thank you for registering with Main Website Store. is equals Thank you for registering with Main Website Store.
]]>
    </line>
    <line>
      <![CDATA[2018-11-01 14:44:23,087 INFO  com.liveguru.TC_07_CreateAccountByDataProvider - ----------------- PASSED -----------------
]]>
    </line>
    <line>
      <![CDATA[2018-11-01 14:44:37,092 INFO  com.liveguru.TC_07_CreateAccountByDataProvider - Your Wishlist has been shared. is equals Your Wishlist has been shared.
]]>
    </line>
    <line>
      <![CDATA[2018-11-01 14:44:37,092 INFO  com.liveguru.TC_07_CreateAccountByDataProvider - ----------------- PASSED -----------------
]]>
    </line>
    <line>
      <![CDATA[2018-11-01 14:44:41,284 INFO  com.liveguru.TC_07_CreateAccountByDataProvider - ---------- QUIT BROWSER SUCCESS ----------
]]>
    </line>
  </reporter-output>
  <suite name="Suite" duration-ms="247431" started-at="2018-11-01T07:40:33Z" finished-at="2018-11-01T07:44:41Z">
    <groups>
    </groups>
    <test name="Run on CHROME" duration-ms="247431" started-at="2018-11-01T07:40:33Z" finished-at="2018-11-01T07:44:41Z">
      <class name="com.liveguru.TC_07_CreateAccountByDataProvider">
        <test-method status="PASS" signature="beforeClass(java.lang.String, java.lang.String, java.lang.String)[pri:0, instance:com.liveguru.TC_07_CreateAccountByDataProvider@70a9f84e]" name="beforeClass" is-config="true" duration-ms="16628" started-at="2018-11-01T14:43:58Z" finished-at="2018-11-01T14:44:14Z">
          <params>
            <param index="0">
              <value>
                <![CDATA[chrome]]>
              </value>
            </param>
            <param index="1">
              <value>
                <![CDATA[2.41]]>
              </value>
            </param>
            <param index="2">
              <value>
                <![CDATA[http://live.guru99.com/]]>
              </value>
            </param>
          </params>
          <reporter-output>
            <line>
              <![CDATA[2018-11-01 14:44:03,744 INFO  com.liveguru.TC_07_CreateAccountByDataProvider - Before Class: Open Url of Login Page
]]>
            </line>
          </reporter-output>
        </test-method> <!-- beforeClass -->
        <test-method status="PASS" signature="TC_01_CreateAccAndShareWishlist(java.lang.String, java.lang.String)[pri:0, instance:com.liveguru.TC_07_CreateAccountByDataProvider@70a9f84e]" name="TC_01_CreateAccAndShareWishlist" duration-ms="20326" started-at="2018-11-01T14:44:16Z" data-provider="Authentication" finished-at="2018-11-01T14:44:37Z">
          <params>
            <param index="0">
              <value>
                <![CDATA[testuser_1]]>
              </value>
            </param>
            <param index="1">
              <value>
                <![CDATA[12345678]]>
              </value>
            </param>
          </params>
          <reporter-output>
            <line>
              <![CDATA[2018-11-01 14:44:23,087 INFO  com.liveguru.TC_07_CreateAccountByDataProvider - Thank you for registering with Main Website Store. is equals Thank you for registering with Main Website Store.
]]>
            </line>
            <line>
              <![CDATA[2018-11-01 14:44:23,087 INFO  com.liveguru.TC_07_CreateAccountByDataProvider - ----------------- PASSED -----------------
]]>
            </line>
            <line>
              <![CDATA[2018-11-01 14:44:37,092 INFO  com.liveguru.TC_07_CreateAccountByDataProvider - Your Wishlist has been shared. is equals Your Wishlist has been shared.
]]>
            </line>
            <line>
              <![CDATA[2018-11-01 14:44:37,092 INFO  com.liveguru.TC_07_CreateAccountByDataProvider - ----------------- PASSED -----------------
]]>
            </line>
          </reporter-output>
        </test-method> <!-- TC_01_CreateAccAndShareWishlist -->
        <test-method status="FAIL" signature="TC_01_CreateAccAndShareWishlist(java.lang.String, java.lang.String)[pri:0, instance:com.liveguru.TC_07_CreateAccountByDataProvider@70a9f84e]" name="TC_01_CreateAccAndShareWishlist" duration-ms="1310" started-at="2018-11-01T14:44:37Z" data-provider="Authentication" finished-at="2018-11-01T14:44:38Z">
          <params>
            <param index="0">
              <value>
                <![CDATA[testuser_2]]>
              </value>
            </param>
            <param index="1">
              <value>
                <![CDATA[87654321]]>
              </value>
            </param>
          </params>
          <exception class="org.openqa.selenium.NoSuchElementException">
            <message>
              <![CDATA[no such element: Unable to locate element: {"method":"xpath","selector":"//a[@title='Create an Account']"}
  (Session info: chrome=70.0.3538.77)
  (Driver info: chromedriver=2.41.578737 (49da6702b16031c40d63e5618de03a32ff6c197e),platform=Windows NT 10.0.15063 x86_64) (WARNING: The server did not provide any stacktrace information)
Command duration or timeout: 0 milliseconds
For documentation on this error, please visit: http://seleniumhq.org/exceptions/no_such_element.html
Build info: version: '3.14.0', revision: 'aacccce0', time: '2018-08-02T20:13:22.693Z'
System info: host: 'HN-SD-0131-WK', ip: '192.168.204.2', os.name: 'Windows 10', os.arch: 'amd64', os.version: '10.0', java.version: '1.8.0_144'
Driver info: org.openqa.selenium.chrome.ChromeDriver
Capabilities {acceptInsecureCerts: false, acceptSslCerts: false, applicationCacheEnabled: false, browserConnectionEnabled: false, browserName: chrome, chrome: {chromedriverVersion: 2.41.578737 (49da6702b16031..., userDataDir: C:\Users\tailet\AppData\Loc...}, cssSelectorsEnabled: true, databaseEnabled: false, goog:chromeOptions: {debuggerAddress: localhost:50799}, handlesAlerts: true, hasTouchScreen: false, javascriptEnabled: true, locationContextEnabled: true, mobileEmulationEnabled: false, nativeEvents: true, networkConnectionEnabled: false, pageLoadStrategy: normal, platform: XP, platformName: XP, rotatable: false, setWindowRect: true, takesHeapSnapshot: true, takesScreenshot: true, unexpectedAlertBehaviour: , unhandledPromptBehavior: , version: 70.0.3538.77, webStorageEnabled: true}
Session ID: 44ed34bd01513aa25730157c20f3e41a
*** Element info: {Using=xpath, value=//a[@title='Create an Account']}]]>
            </message>
            <full-stacktrace>
              <![CDATA[org.openqa.selenium.NoSuchElementException: no such element: Unable to locate element: {"method":"xpath","selector":"//a[@title='Create an Account']"}
  (Session info: chrome=70.0.3538.77)
  (Driver info: chromedriver=2.41.578737 (49da6702b16031c40d63e5618de03a32ff6c197e),platform=Windows NT 10.0.15063 x86_64) (WARNING: The server did not provide any stacktrace information)
Command duration or timeout: 0 milliseconds
For documentation on this error, please visit: http://seleniumhq.org/exceptions/no_such_element.html
Build info: version: '3.14.0', revision: 'aacccce0', time: '2018-08-02T20:13:22.693Z'
System info: host: 'HN-SD-0131-WK', ip: '192.168.204.2', os.name: 'Windows 10', os.arch: 'amd64', os.version: '10.0', java.version: '1.8.0_144'
Driver info: org.openqa.selenium.chrome.ChromeDriver
Capabilities {acceptInsecureCerts: false, acceptSslCerts: false, applicationCacheEnabled: false, browserConnectionEnabled: false, browserName: chrome, chrome: {chromedriverVersion: 2.41.578737 (49da6702b16031..., userDataDir: C:\Users\tailet\AppData\Loc...}, cssSelectorsEnabled: true, databaseEnabled: false, goog:chromeOptions: {debuggerAddress: localhost:50799}, handlesAlerts: true, hasTouchScreen: false, javascriptEnabled: true, locationContextEnabled: true, mobileEmulationEnabled: false, nativeEvents: true, networkConnectionEnabled: false, pageLoadStrategy: normal, platform: XP, platformName: XP, rotatable: false, setWindowRect: true, takesHeapSnapshot: true, takesScreenshot: true, unexpectedAlertBehaviour: , unhandledPromptBehavior: , version: 70.0.3538.77, webStorageEnabled: true}
Session ID: 44ed34bd01513aa25730157c20f3e41a
*** Element info: {Using=xpath, value=//a[@title='Create an Account']}
	at sun.reflect.NativeConstructorAccessorImpl.newInstance0(Native Method)
	at sun.reflect.NativeConstructorAccessorImpl.newInstance(NativeConstructorAccessorImpl.java:62)
	at sun.reflect.DelegatingConstructorAccessorImpl.newInstance(DelegatingConstructorAccessorImpl.java:45)
	at java.lang.reflect.Constructor.newInstance(Constructor.java:423)
	at org.openqa.selenium.remote.ErrorHandler.createThrowable(ErrorHandler.java:214)
	at org.openqa.selenium.remote.ErrorHandler.throwIfResponseFailed(ErrorHandler.java:166)
	at org.openqa.selenium.remote.http.JsonHttpResponseCodec.reconstructValue(JsonHttpResponseCodec.java:40)
	at org.openqa.selenium.remote.http.AbstractHttpResponseCodec.decode(AbstractHttpResponseCodec.java:80)
	at org.openqa.selenium.remote.http.AbstractHttpResponseCodec.decode(AbstractHttpResponseCodec.java:44)
	at org.openqa.selenium.remote.HttpCommandExecutor.execute(HttpCommandExecutor.java:158)
	at org.openqa.selenium.remote.service.DriverCommandExecutor.execute(DriverCommandExecutor.java:83)
	at org.openqa.selenium.remote.RemoteWebDriver.execute(RemoteWebDriver.java:548)
	at org.openqa.selenium.remote.RemoteWebDriver.findElement(RemoteWebDriver.java:322)
	at org.openqa.selenium.remote.RemoteWebDriver.findElementByXPath(RemoteWebDriver.java:424)
	at org.openqa.selenium.By$ByXPath.findElement(By.java:353)
	at org.openqa.selenium.remote.RemoteWebDriver.findElement(RemoteWebDriver.java:314)
	at commons.AbstractPage.clickToElement(AbstractPage.java:74)
	at liveguru.pageobjects.MyAccountPagePO.clickToCreateNewAccount(MyAccountPagePO.java:17)
	at com.liveguru.TC_07_CreateAccountByDataProvider.TC_01_CreateAccAndShareWishlist(TC_07_CreateAccountByDataProvider.java:59)
	at sun.reflect.NativeMethodAccessorImpl.invoke0(Native Method)
	at sun.reflect.NativeMethodAccessorImpl.invoke(NativeMethodAccessorImpl.java:62)
	at sun.reflect.DelegatingMethodAccessorImpl.invoke(DelegatingMethodAccessorImpl.java:43)
	at java.lang.reflect.Method.invoke(Method.java:498)
	at org.testng.internal.MethodInvocationHelper.invokeMethod(MethodInvocationHelper.java:86)
	at org.testng.internal.Invoker.invokeMethod(Invoker.java:645)
	at org.testng.internal.Invoker.invokeTestMethod(Invoker.java:822)
	at org.testng.internal.Invoker.invokeTestMethods(Invoker.java:1130)
	at org.testng.internal.TestMethodWorker.invokeTestMethods(TestMethodWorker.java:129)
	at org.testng.internal.TestMethodWorker.run(TestMethodWorker.java:112)
	at org.testng.TestRunner.privateRun(TestRunner.java:782)
	at org.testng.TestRunner.run(TestRunner.java:632)
	at org.testng.SuiteRunner.runTest(SuiteRunner.java:366)
	at org.testng.SuiteRunner.runSequentially(SuiteRunner.java:361)
	at org.testng.SuiteRunner.privateRun(SuiteRunner.java:319)
	at org.testng.SuiteRunner.run(SuiteRunner.java:268)
	at org.testng.SuiteRunnerWorker.runSuite(SuiteRunnerWorker.java:52)
	at org.testng.SuiteRunnerWorker.run(SuiteRunnerWorker.java:86)
	at org.testng.TestNG.runSuitesSequentially(TestNG.java:1244)
	at org.testng.TestNG.runSuitesLocally(TestNG.java:1169)
	at org.testng.TestNG.run(TestNG.java:1064)
	at org.testng.remote.RemoteTestNG.run(RemoteTestNG.java:113)
	at org.testng.remote.RemoteTestNG.initAndRun(RemoteTestNG.java:206)
	at org.testng.remote.RemoteTestNG.main(RemoteTestNG.java:177)
]]>
            </full-stacktrace>
          </exception> <!-- org.openqa.selenium.NoSuchElementException -->
          <reporter-output>
          </reporter-output>
        </test-method> <!-- TC_01_CreateAccAndShareWishlist -->
        <test-method status="FAIL" signature="TC_01_CreateAccAndShareWishlist(java.lang.String, java.lang.String)[pri:0, instance:com.liveguru.TC_07_CreateAccountByDataProvider@70a9f84e]" name="TC_01_CreateAccAndShareWishlist" duration-ms="876" started-at="2018-11-01T14:44:38Z" data-provider="Authentication" finished-at="2018-11-01T14:44:39Z">
          <params>
            <param index="0">
              <value>
                <![CDATA[testuser_1]]>
              </value>
            </param>
            <param index="1">
              <value>
                <![CDATA[12345678]]>
              </value>
            </param>
          </params>
          <exception class="org.openqa.selenium.NoSuchElementException">
            <message>
              <![CDATA[no such element: Unable to locate element: {"method":"xpath","selector":"//a[@title='Create an Account']"}
  (Session info: chrome=70.0.3538.77)
  (Driver info: chromedriver=2.41.578737 (49da6702b16031c40d63e5618de03a32ff6c197e),platform=Windows NT 10.0.15063 x86_64) (WARNING: The server did not provide any stacktrace information)
Command duration or timeout: 0 milliseconds
For documentation on this error, please visit: http://seleniumhq.org/exceptions/no_such_element.html
Build info: version: '3.14.0', revision: 'aacccce0', time: '2018-08-02T20:13:22.693Z'
System info: host: 'HN-SD-0131-WK', ip: '192.168.204.2', os.name: 'Windows 10', os.arch: 'amd64', os.version: '10.0', java.version: '1.8.0_144'
Driver info: org.openqa.selenium.chrome.ChromeDriver
Capabilities {acceptInsecureCerts: false, acceptSslCerts: false, applicationCacheEnabled: false, browserConnectionEnabled: false, browserName: chrome, chrome: {chromedriverVersion: 2.41.578737 (49da6702b16031..., userDataDir: C:\Users\tailet\AppData\Loc...}, cssSelectorsEnabled: true, databaseEnabled: false, goog:chromeOptions: {debuggerAddress: localhost:50799}, handlesAlerts: true, hasTouchScreen: false, javascriptEnabled: true, locationContextEnabled: true, mobileEmulationEnabled: false, nativeEvents: true, networkConnectionEnabled: false, pageLoadStrategy: normal, platform: XP, platformName: XP, rotatable: false, setWindowRect: true, takesHeapSnapshot: true, takesScreenshot: true, unexpectedAlertBehaviour: , unhandledPromptBehavior: , version: 70.0.3538.77, webStorageEnabled: true}
Session ID: 44ed34bd01513aa25730157c20f3e41a
*** Element info: {Using=xpath, value=//a[@title='Create an Account']}]]>
            </message>
            <full-stacktrace>
              <![CDATA[org.openqa.selenium.NoSuchElementException: no such element: Unable to locate element: {"method":"xpath","selector":"//a[@title='Create an Account']"}
  (Session info: chrome=70.0.3538.77)
  (Driver info: chromedriver=2.41.578737 (49da6702b16031c40d63e5618de03a32ff6c197e),platform=Windows NT 10.0.15063 x86_64) (WARNING: The server did not provide any stacktrace information)
Command duration or timeout: 0 milliseconds
For documentation on this error, please visit: http://seleniumhq.org/exceptions/no_such_element.html
Build info: version: '3.14.0', revision: 'aacccce0', time: '2018-08-02T20:13:22.693Z'
System info: host: 'HN-SD-0131-WK', ip: '192.168.204.2', os.name: 'Windows 10', os.arch: 'amd64', os.version: '10.0', java.version: '1.8.0_144'
Driver info: org.openqa.selenium.chrome.ChromeDriver
Capabilities {acceptInsecureCerts: false, acceptSslCerts: false, applicationCacheEnabled: false, browserConnectionEnabled: false, browserName: chrome, chrome: {chromedriverVersion: 2.41.578737 (49da6702b16031..., userDataDir: C:\Users\tailet\AppData\Loc...}, cssSelectorsEnabled: true, databaseEnabled: false, goog:chromeOptions: {debuggerAddress: localhost:50799}, handlesAlerts: true, hasTouchScreen: false, javascriptEnabled: true, locationContextEnabled: true, mobileEmulationEnabled: false, nativeEvents: true, networkConnectionEnabled: false, pageLoadStrategy: normal, platform: XP, platformName: XP, rotatable: false, setWindowRect: true, takesHeapSnapshot: true, takesScreenshot: true, unexpectedAlertBehaviour: , unhandledPromptBehavior: , version: 70.0.3538.77, webStorageEnabled: true}
Session ID: 44ed34bd01513aa25730157c20f3e41a
*** Element info: {Using=xpath, value=//a[@title='Create an Account']}
	at sun.reflect.NativeConstructorAccessorImpl.newInstance0(Native Method)
	at sun.reflect.NativeConstructorAccessorImpl.newInstance(NativeConstructorAccessorImpl.java:62)
	at sun.reflect.DelegatingConstructorAccessorImpl.newInstance(DelegatingConstructorAccessorImpl.java:45)
	at java.lang.reflect.Constructor.newInstance(Constructor.java:423)
	at org.openqa.selenium.remote.ErrorHandler.createThrowable(ErrorHandler.java:214)
	at org.openqa.selenium.remote.ErrorHandler.throwIfResponseFailed(ErrorHandler.java:166)
	at org.openqa.selenium.remote.http.JsonHttpResponseCodec.reconstructValue(JsonHttpResponseCodec.java:40)
	at org.openqa.selenium.remote.http.AbstractHttpResponseCodec.decode(AbstractHttpResponseCodec.java:80)
	at org.openqa.selenium.remote.http.AbstractHttpResponseCodec.decode(AbstractHttpResponseCodec.java:44)
	at org.openqa.selenium.remote.HttpCommandExecutor.execute(HttpCommandExecutor.java:158)
	at org.openqa.selenium.remote.service.DriverCommandExecutor.execute(DriverCommandExecutor.java:83)
	at org.openqa.selenium.remote.RemoteWebDriver.execute(RemoteWebDriver.java:548)
	at org.openqa.selenium.remote.RemoteWebDriver.findElement(RemoteWebDriver.java:322)
	at org.openqa.selenium.remote.RemoteWebDriver.findElementByXPath(RemoteWebDriver.java:424)
	at org.openqa.selenium.By$ByXPath.findElement(By.java:353)
	at org.openqa.selenium.remote.RemoteWebDriver.findElement(RemoteWebDriver.java:314)
	at commons.AbstractPage.clickToElement(AbstractPage.java:74)
	at liveguru.pageobjects.MyAccountPagePO.clickToCreateNewAccount(MyAccountPagePO.java:17)
	at com.liveguru.TC_07_CreateAccountByDataProvider.TC_01_CreateAccAndShareWishlist(TC_07_CreateAccountByDataProvider.java:59)
	at sun.reflect.NativeMethodAccessorImpl.invoke0(Native Method)
	at sun.reflect.NativeMethodAccessorImpl.invoke(NativeMethodAccessorImpl.java:62)
	at sun.reflect.DelegatingMethodAccessorImpl.invoke(DelegatingMethodAccessorImpl.java:43)
	at java.lang.reflect.Method.invoke(Method.java:498)
	at org.testng.internal.MethodInvocationHelper.invokeMethod(MethodInvocationHelper.java:86)
	at org.testng.internal.Invoker.invokeMethod(Invoker.java:645)
	at org.testng.internal.Invoker.invokeTestMethod(Invoker.java:822)
	at org.testng.internal.Invoker.invokeTestMethods(Invoker.java:1130)
	at org.testng.internal.TestMethodWorker.invokeTestMethods(TestMethodWorker.java:129)
	at org.testng.internal.TestMethodWorker.run(TestMethodWorker.java:112)
	at org.testng.TestRunner.privateRun(TestRunner.java:782)
	at org.testng.TestRunner.run(TestRunner.java:632)
	at org.testng.SuiteRunner.runTest(SuiteRunner.java:366)
	at org.testng.SuiteRunner.runSequentially(SuiteRunner.java:361)
	at org.testng.SuiteRunner.privateRun(SuiteRunner.java:319)
	at org.testng.SuiteRunner.run(SuiteRunner.java:268)
	at org.testng.SuiteRunnerWorker.runSuite(SuiteRunnerWorker.java:52)
	at org.testng.SuiteRunnerWorker.run(SuiteRunnerWorker.java:86)
	at org.testng.TestNG.runSuitesSequentially(TestNG.java:1244)
	at org.testng.TestNG.runSuitesLocally(TestNG.java:1169)
	at org.testng.TestNG.run(TestNG.java:1064)
	at org.testng.remote.RemoteTestNG.run(RemoteTestNG.java:113)
	at org.testng.remote.RemoteTestNG.initAndRun(RemoteTestNG.java:206)
	at org.testng.remote.RemoteTestNG.main(RemoteTestNG.java:177)
]]>
            </full-stacktrace>
          </exception> <!-- org.openqa.selenium.NoSuchElementException -->
          <reporter-output>
          </reporter-output>
        </test-method> <!-- TC_01_CreateAccAndShareWishlist -->
        <test-method status="FAIL" signature="TC_01_CreateAccAndShareWishlist(java.lang.String, java.lang.String)[pri:0, instance:com.liveguru.TC_07_CreateAccountByDataProvider@70a9f84e]" name="TC_01_CreateAccAndShareWishlist" duration-ms="861" started-at="2018-11-01T14:44:39Z" data-provider="Authentication" finished-at="2018-11-01T14:44:40Z">
          <params>
            <param index="0">
              <value>
                <![CDATA[testuser_2]]>
              </value>
            </param>
            <param index="1">
              <value>
                <![CDATA[87654321]]>
              </value>
            </param>
          </params>
          <exception class="org.openqa.selenium.NoSuchElementException">
            <message>
              <![CDATA[no such element: Unable to locate element: {"method":"xpath","selector":"//a[@title='Create an Account']"}
  (Session info: chrome=70.0.3538.77)
  (Driver info: chromedriver=2.41.578737 (49da6702b16031c40d63e5618de03a32ff6c197e),platform=Windows NT 10.0.15063 x86_64) (WARNING: The server did not provide any stacktrace information)
Command duration or timeout: 0 milliseconds
For documentation on this error, please visit: http://seleniumhq.org/exceptions/no_such_element.html
Build info: version: '3.14.0', revision: 'aacccce0', time: '2018-08-02T20:13:22.693Z'
System info: host: 'HN-SD-0131-WK', ip: '192.168.204.2', os.name: 'Windows 10', os.arch: 'amd64', os.version: '10.0', java.version: '1.8.0_144'
Driver info: org.openqa.selenium.chrome.ChromeDriver
Capabilities {acceptInsecureCerts: false, acceptSslCerts: false, applicationCacheEnabled: false, browserConnectionEnabled: false, browserName: chrome, chrome: {chromedriverVersion: 2.41.578737 (49da6702b16031..., userDataDir: C:\Users\tailet\AppData\Loc...}, cssSelectorsEnabled: true, databaseEnabled: false, goog:chromeOptions: {debuggerAddress: localhost:50799}, handlesAlerts: true, hasTouchScreen: false, javascriptEnabled: true, locationContextEnabled: true, mobileEmulationEnabled: false, nativeEvents: true, networkConnectionEnabled: false, pageLoadStrategy: normal, platform: XP, platformName: XP, rotatable: false, setWindowRect: true, takesHeapSnapshot: true, takesScreenshot: true, unexpectedAlertBehaviour: , unhandledPromptBehavior: , version: 70.0.3538.77, webStorageEnabled: true}
Session ID: 44ed34bd01513aa25730157c20f3e41a
*** Element info: {Using=xpath, value=//a[@title='Create an Account']}]]>
            </message>
            <full-stacktrace>
              <![CDATA[org.openqa.selenium.NoSuchElementException: no such element: Unable to locate element: {"method":"xpath","selector":"//a[@title='Create an Account']"}
  (Session info: chrome=70.0.3538.77)
  (Driver info: chromedriver=2.41.578737 (49da6702b16031c40d63e5618de03a32ff6c197e),platform=Windows NT 10.0.15063 x86_64) (WARNING: The server did not provide any stacktrace information)
Command duration or timeout: 0 milliseconds
For documentation on this error, please visit: http://seleniumhq.org/exceptions/no_such_element.html
Build info: version: '3.14.0', revision: 'aacccce0', time: '2018-08-02T20:13:22.693Z'
System info: host: 'HN-SD-0131-WK', ip: '192.168.204.2', os.name: 'Windows 10', os.arch: 'amd64', os.version: '10.0', java.version: '1.8.0_144'
Driver info: org.openqa.selenium.chrome.ChromeDriver
Capabilities {acceptInsecureCerts: false, acceptSslCerts: false, applicationCacheEnabled: false, browserConnectionEnabled: false, browserName: chrome, chrome: {chromedriverVersion: 2.41.578737 (49da6702b16031..., userDataDir: C:\Users\tailet\AppData\Loc...}, cssSelectorsEnabled: true, databaseEnabled: false, goog:chromeOptions: {debuggerAddress: localhost:50799}, handlesAlerts: true, hasTouchScreen: false, javascriptEnabled: true, locationContextEnabled: true, mobileEmulationEnabled: false, nativeEvents: true, networkConnectionEnabled: false, pageLoadStrategy: normal, platform: XP, platformName: XP, rotatable: false, setWindowRect: true, takesHeapSnapshot: true, takesScreenshot: true, unexpectedAlertBehaviour: , unhandledPromptBehavior: , version: 70.0.3538.77, webStorageEnabled: true}
Session ID: 44ed34bd01513aa25730157c20f3e41a
*** Element info: {Using=xpath, value=//a[@title='Create an Account']}
	at sun.reflect.NativeConstructorAccessorImpl.newInstance0(Native Method)
	at sun.reflect.NativeConstructorAccessorImpl.newInstance(NativeConstructorAccessorImpl.java:62)
	at sun.reflect.DelegatingConstructorAccessorImpl.newInstance(DelegatingConstructorAccessorImpl.java:45)
	at java.lang.reflect.Constructor.newInstance(Constructor.java:423)
	at org.openqa.selenium.remote.ErrorHandler.createThrowable(ErrorHandler.java:214)
	at org.openqa.selenium.remote.ErrorHandler.throwIfResponseFailed(ErrorHandler.java:166)
	at org.openqa.selenium.remote.http.JsonHttpResponseCodec.reconstructValue(JsonHttpResponseCodec.java:40)
	at org.openqa.selenium.remote.http.AbstractHttpResponseCodec.decode(AbstractHttpResponseCodec.java:80)
	at org.openqa.selenium.remote.http.AbstractHttpResponseCodec.decode(AbstractHttpResponseCodec.java:44)
	at org.openqa.selenium.remote.HttpCommandExecutor.execute(HttpCommandExecutor.java:158)
	at org.openqa.selenium.remote.service.DriverCommandExecutor.execute(DriverCommandExecutor.java:83)
	at org.openqa.selenium.remote.RemoteWebDriver.execute(RemoteWebDriver.java:548)
	at org.openqa.selenium.remote.RemoteWebDriver.findElement(RemoteWebDriver.java:322)
	at org.openqa.selenium.remote.RemoteWebDriver.findElementByXPath(RemoteWebDriver.java:424)
	at org.openqa.selenium.By$ByXPath.findElement(By.java:353)
	at org.openqa.selenium.remote.RemoteWebDriver.findElement(RemoteWebDriver.java:314)
	at commons.AbstractPage.clickToElement(AbstractPage.java:74)
	at liveguru.pageobjects.MyAccountPagePO.clickToCreateNewAccount(MyAccountPagePO.java:17)
	at com.liveguru.TC_07_CreateAccountByDataProvider.TC_01_CreateAccAndShareWishlist(TC_07_CreateAccountByDataProvider.java:59)
	at sun.reflect.NativeMethodAccessorImpl.invoke0(Native Method)
	at sun.reflect.NativeMethodAccessorImpl.invoke(NativeMethodAccessorImpl.java:62)
	at sun.reflect.DelegatingMethodAccessorImpl.invoke(DelegatingMethodAccessorImpl.java:43)
	at java.lang.reflect.Method.invoke(Method.java:498)
	at org.testng.internal.MethodInvocationHelper.invokeMethod(MethodInvocationHelper.java:86)
	at org.testng.internal.Invoker.invokeMethod(Invoker.java:645)
	at org.testng.internal.Invoker.invokeTestMethod(Invoker.java:822)
	at org.testng.internal.Invoker.invokeTestMethods(Invoker.java:1130)
	at org.testng.internal.TestMethodWorker.invokeTestMethods(TestMethodWorker.java:129)
	at org.testng.internal.TestMethodWorker.run(TestMethodWorker.java:112)
	at org.testng.TestRunner.privateRun(TestRunner.java:782)
	at org.testng.TestRunner.run(TestRunner.java:632)
	at org.testng.SuiteRunner.runTest(SuiteRunner.java:366)
	at org.testng.SuiteRunner.runSequentially(SuiteRunner.java:361)
	at org.testng.SuiteRunner.privateRun(SuiteRunner.java:319)
	at org.testng.SuiteRunner.run(SuiteRunner.java:268)
	at org.testng.SuiteRunnerWorker.runSuite(SuiteRunnerWorker.java:52)
	at org.testng.SuiteRunnerWorker.run(SuiteRunnerWorker.java:86)
	at org.testng.TestNG.runSuitesSequentially(TestNG.java:1244)
	at org.testng.TestNG.runSuitesLocally(TestNG.java:1169)
	at org.testng.TestNG.run(TestNG.java:1064)
	at org.testng.remote.RemoteTestNG.run(RemoteTestNG.java:113)
	at org.testng.remote.RemoteTestNG.initAndRun(RemoteTestNG.java:206)
	at org.testng.remote.RemoteTestNG.main(RemoteTestNG.java:177)
]]>
            </full-stacktrace>
          </exception> <!-- org.openqa.selenium.NoSuchElementException -->
          <reporter-output>
          </reporter-output>
        </test-method> <!-- TC_01_CreateAccAndShareWishlist -->
        <test-method status="PASS" signature="afterClass()[pri:0, instance:com.liveguru.TC_07_CreateAccountByDataProvider@70a9f84e]" name="afterClass" is-config="true" duration-ms="1104" started-at="2018-11-01T14:44:40Z" finished-at="2018-11-01T14:44:41Z">
          <reporter-output>
            <line>
              <![CDATA[2018-11-01 14:44:41,284 INFO  com.liveguru.TC_07_CreateAccountByDataProvider - ---------- QUIT BROWSER SUCCESS ----------
]]>
            </line>
          </reporter-output>
        </test-method> <!-- afterClass -->
      </class> <!-- com.liveguru.TC_07_CreateAccountByDataProvider -->
      <class name="com.liveguru.TC_04_CompareProducts">
        <test-method status="PASS" signature="beforeClass(java.lang.String, java.lang.String, java.lang.String)[pri:0, instance:com.liveguru.TC_04_CompareProducts@3bd94634]" name="beforeClass" is-config="true" duration-ms="13716" started-at="2018-11-01T14:42:06Z" finished-at="2018-11-01T14:42:20Z">
          <params>
            <param index="0">
              <value>
                <![CDATA[chrome]]>
              </value>
            </param>
            <param index="1">
              <value>
                <![CDATA[2.41]]>
              </value>
            </param>
            <param index="2">
              <value>
                <![CDATA[http://live.guru99.com/]]>
              </value>
            </param>
          </params>
          <reporter-output>
            <line>
              <![CDATA[2018-11-01 14:42:11,937 INFO  com.liveguru.TC_04_CompareProducts - Before Class: Open Url of Login Page
]]>
            </line>
          </reporter-output>
        </test-method> <!-- beforeClass -->
        <test-method status="PASS" signature="TC_01_CompareProd()[pri:0, instance:com.liveguru.TC_04_CompareProducts@3bd94634]" name="TC_01_CompareProd" duration-ms="16769" started-at="2018-11-01T14:42:20Z" finished-at="2018-11-01T14:42:36Z">
          <reporter-output>
            <line>
              <![CDATA[2018-11-01 14:42:36,889 INFO  com.liveguru.TC_04_CompareProducts - COMPARE PRODUCTS is equals COMPARE PRODUCTS
]]>
            </line>
            <line>
              <![CDATA[2018-11-01 14:42:36,889 INFO  com.liveguru.TC_04_CompareProducts - ----------------- PASSED -----------------
]]>
            </line>
            <line>
              <![CDATA[2018-11-01 14:42:36,906 INFO  com.liveguru.TC_04_CompareProducts - 2 is equals 2
]]>
            </line>
            <line>
              <![CDATA[2018-11-01 14:42:36,906 INFO  com.liveguru.TC_04_CompareProducts - ----------------- PASSED -----------------
]]>
            </line>
            <line>
              <![CDATA[2018-11-01 14:42:36,935 INFO  com.liveguru.TC_04_CompareProducts - ----------------- PASSED -----------------
]]>
            </line>
            <line>
              <![CDATA[2018-11-01 14:42:36,968 INFO  com.liveguru.TC_04_CompareProducts - ----------------- PASSED -----------------
]]>
            </line>
          </reporter-output>
        </test-method> <!-- TC_01_CompareProd -->
        <test-method status="PASS" signature="afterClass()[pri:0, instance:com.liveguru.TC_04_CompareProducts@3bd94634]" name="afterClass" is-config="true" duration-ms="1066" started-at="2018-11-01T14:42:36Z" finished-at="2018-11-01T14:42:38Z">
          <reporter-output>
            <line>
              <![CDATA[2018-11-01 14:42:38,052 INFO  com.liveguru.TC_04_CompareProducts - ---------- QUIT BROWSER SUCCESS ----------
]]>
            </line>
          </reporter-output>
        </test-method> <!-- afterClass -->
      </class> <!-- com.liveguru.TC_04_CompareProducts -->
      <class name="com.liveguru.TC_05_CreateAccountSuccessful">
        <test-method status="PASS" signature="beforeClass(java.lang.String, java.lang.String, java.lang.String)[pri:0, instance:com.liveguru.TC_05_CreateAccountSuccessful@58a90037]" name="beforeClass" is-config="true" duration-ms="14924" started-at="2018-11-01T14:42:38Z" finished-at="2018-11-01T14:42:52Z">
          <params>
            <param index="0">
              <value>
                <![CDATA[chrome]]>
              </value>
            </param>
            <param index="1">
              <value>
                <![CDATA[2.41]]>
              </value>
            </param>
            <param index="2">
              <value>
                <![CDATA[http://live.guru99.com/]]>
              </value>
            </param>
          </params>
          <reporter-output>
            <line>
              <![CDATA[2018-11-01 14:42:43,294 INFO  com.liveguru.TC_05_CreateAccountSuccessful - Before Class: Open Url of Login Page
]]>
            </line>
          </reporter-output>
        </test-method> <!-- beforeClass -->
        <test-method status="PASS" signature="TC_01_CreateAccAndShareWishlist()[pri:0, instance:com.liveguru.TC_05_CreateAccountSuccessful@58a90037]" name="TC_01_CreateAccAndShareWishlist" duration-ms="16842" started-at="2018-11-01T14:42:52Z" finished-at="2018-11-01T14:43:09Z">
          <reporter-output>
            <line>
              <![CDATA[2018-11-01 14:42:58,781 INFO  com.liveguru.TC_05_CreateAccountSuccessful - Thank you for registering with Main Website Store. is equals Thank you for registering with Main Website Store.
]]>
            </line>
            <line>
              <![CDATA[2018-11-01 14:42:58,781 INFO  com.liveguru.TC_05_CreateAccountSuccessful - ----------------- PASSED -----------------
]]>
            </line>
            <line>
              <![CDATA[2018-11-01 14:43:09,819 INFO  com.liveguru.TC_05_CreateAccountSuccessful - Your Wishlist has been shared. is equals Your Wishlist has been shared.
]]>
            </line>
            <line>
              <![CDATA[2018-11-01 14:43:09,819 INFO  com.liveguru.TC_05_CreateAccountSuccessful - ----------------- PASSED -----------------
]]>
            </line>
          </reporter-output>
        </test-method> <!-- TC_01_CreateAccAndShareWishlist -->
        <test-method status="PASS" signature="afterClass()[pri:0, instance:com.liveguru.TC_05_CreateAccountSuccessful@58a90037]" name="afterClass" is-config="true" duration-ms="2145" started-at="2018-11-01T14:43:09Z" finished-at="2018-11-01T14:43:11Z">
          <reporter-output>
            <line>
              <![CDATA[2018-11-01 14:43:11,965 INFO  com.liveguru.TC_05_CreateAccountSuccessful - ---------- QUIT BROWSER SUCCESS ----------
]]>
            </line>
          </reporter-output>
        </test-method> <!-- afterClass -->
      </class> <!-- com.liveguru.TC_05_CreateAccountSuccessful -->
      <class name="com.liveguru.TC_06_UserPurcharseProd">
        <test-method status="PASS" signature="beforeClass(java.lang.String, java.lang.String, java.lang.String)[pri:0, instance:com.liveguru.TC_06_UserPurcharseProd@74294adb]" name="beforeClass" is-config="true" duration-ms="16762" started-at="2018-11-01T14:43:11Z" finished-at="2018-11-01T14:43:28Z">
          <params>
            <param index="0">
              <value>
                <![CDATA[chrome]]>
              </value>
            </param>
            <param index="1">
              <value>
                <![CDATA[2.41]]>
              </value>
            </param>
            <param index="2">
              <value>
                <![CDATA[http://live.guru99.com/]]>
              </value>
            </param>
          </params>
          <reporter-output>
            <line>
              <![CDATA[2018-11-01 14:43:20,038 INFO  com.liveguru.TC_06_UserPurcharseProd - Before Class: Open Url of Login Page
]]>
            </line>
          </reporter-output>
        </test-method> <!-- beforeClass -->
        <test-method status="PASS" signature="TC_01_UserAblePurchaseProd()[pri:0, instance:com.liveguru.TC_06_UserPurcharseProd@74294adb]" name="TC_01_UserAblePurchaseProd" duration-ms="28502" started-at="2018-11-01T14:43:28Z" finished-at="2018-11-01T14:43:57Z">
          <reporter-output>
            <line>
              <![CDATA[2018-11-01 14:43:33,013 INFO  com.liveguru.TC_06_UserPurcharseProd - ----------------- PASSED -----------------
]]>
            </line>
            <line>
              <![CDATA[2018-11-01 14:43:44,975 INFO  com.liveguru.TC_06_UserPurcharseProd - ----------------- PASSED -----------------
]]>
            </line>
            <line>
              <![CDATA[2018-11-01 14:43:47,203 INFO  com.liveguru.TC_06_UserPurcharseProd - $620.00 is equals $620.00
]]>
            </line>
            <line>
              <![CDATA[2018-11-01 14:43:47,203 INFO  com.liveguru.TC_06_UserPurcharseProd - ----------------- PASSED -----------------
]]>
            </line>
            <line>
              <![CDATA[2018-11-01 14:43:57,162 INFO  com.liveguru.TC_06_UserPurcharseProd - THANK YOU FOR YOUR PURCHASE! is equals THANK YOU FOR YOUR PURCHASE!
]]>
            </line>
            <line>
              <![CDATA[2018-11-01 14:43:57,162 INFO  com.liveguru.TC_06_UserPurcharseProd - ----------------- PASSED -----------------
]]>
            </line>
            <line>
              <![CDATA[2018-11-01 14:43:57,229 INFO  com.liveguru.TC_06_UserPurcharseProd - 100008218
]]>
            </line>
          </reporter-output>
        </test-method> <!-- TC_01_UserAblePurchaseProd -->
        <test-method status="PASS" signature="afterClass()[pri:0, instance:com.liveguru.TC_06_UserPurcharseProd@74294adb]" name="afterClass" is-config="true" duration-ms="1017" started-at="2018-11-01T14:43:57Z" finished-at="2018-11-01T14:43:58Z">
          <reporter-output>
            <line>
              <![CDATA[2018-11-01 14:43:58,246 INFO  com.liveguru.TC_06_UserPurcharseProd - ---------- QUIT BROWSER SUCCESS ----------
]]>
            </line>
          </reporter-output>
        </test-method> <!-- afterClass -->
      </class> <!-- com.liveguru.TC_06_UserPurcharseProd -->
      <class name="com.liveguru.TC_01_CostOfProduct">
        <test-method status="PASS" signature="beforeClass(java.lang.String, java.lang.String, java.lang.String)[pri:0, instance:com.liveguru.TC_01_CostOfProduct@530612ba]" name="beforeClass" is-config="true" duration-ms="30436" started-at="2018-11-01T14:40:33Z" finished-at="2018-11-01T14:41:04Z">
          <params>
            <param index="0">
              <value>
                <![CDATA[chrome]]>
              </value>
            </param>
            <param index="1">
              <value>
                <![CDATA[2.41]]>
              </value>
            </param>
            <param index="2">
              <value>
                <![CDATA[http://live.guru99.com/]]>
              </value>
            </param>
          </params>
          <reporter-output>
            <line>
              <![CDATA[2018-11-01 14:40:52,090 INFO  com.liveguru.TC_01_CostOfProduct - Before Class: Open Url of Login Page
]]>
            </line>
          </reporter-output>
        </test-method> <!-- beforeClass -->
        <test-method status="PASS" signature="TC_01_CostOfProd()[pri:0, instance:com.liveguru.TC_01_CostOfProduct@530612ba]" name="TC_01_CostOfProd" duration-ms="10360" started-at="2018-11-01T14:41:04Z" finished-at="2018-11-01T14:41:14Z">
          <reporter-output>
            <line>
              <![CDATA[2018-11-01 14:41:14,656 INFO  com.liveguru.TC_01_CostOfProduct - SONY XPERIA is equals SONY XPERIA
]]>
            </line>
            <line>
              <![CDATA[2018-11-01 14:41:14,656 INFO  com.liveguru.TC_01_CostOfProduct - ----------------- PASSED -----------------
]]>
            </line>
            <line>
              <![CDATA[2018-11-01 14:41:14,656 INFO  com.liveguru.TC_01_CostOfProduct - $100.00 is equals $100.00
]]>
            </line>
            <line>
              <![CDATA[2018-11-01 14:41:14,657 INFO  com.liveguru.TC_01_CostOfProduct - ----------------- PASSED -----------------
]]>
            </line>
          </reporter-output>
        </test-method> <!-- TC_01_CostOfProd -->
        <test-method status="PASS" signature="afterClass()[pri:0, instance:com.liveguru.TC_01_CostOfProduct@530612ba]" name="afterClass" is-config="true" duration-ms="1435" started-at="2018-11-01T14:41:14Z" finished-at="2018-11-01T14:41:16Z">
          <reporter-output>
            <line>
              <![CDATA[2018-11-01 14:41:16,092 INFO  com.liveguru.TC_01_CostOfProduct - ---------- QUIT BROWSER SUCCESS ----------
]]>
            </line>
          </reporter-output>
        </test-method> <!-- afterClass -->
      </class> <!-- com.liveguru.TC_01_CostOfProduct -->
      <class name="com.liveguru.TC_02_VerifyDiscountCoupon">
        <test-method status="PASS" signature="beforeClass(java.lang.String, java.lang.String, java.lang.String)[pri:0, instance:com.liveguru.TC_02_VerifyDiscountCoupon@2a40cd94]" name="beforeClass" is-config="true" duration-ms="14052" started-at="2018-11-01T14:41:16Z" finished-at="2018-11-01T14:41:30Z">
          <params>
            <param index="0">
              <value>
                <![CDATA[chrome]]>
              </value>
            </param>
            <param index="1">
              <value>
                <![CDATA[2.41]]>
              </value>
            </param>
            <param index="2">
              <value>
                <![CDATA[http://live.guru99.com/]]>
              </value>
            </param>
          </params>
          <reporter-output>
            <line>
              <![CDATA[2018-11-01 14:41:21,783 INFO  com.liveguru.TC_02_VerifyDiscountCoupon - Before Class: Open Url of Login Page
]]>
            </line>
          </reporter-output>
        </test-method> <!-- beforeClass -->
        <test-method status="PASS" signature="TC_02_VerifyCoupon()[pri:0, instance:com.liveguru.TC_02_VerifyDiscountCoupon@2a40cd94]" name="TC_02_VerifyCoupon" duration-ms="10100" started-at="2018-11-01T14:41:30Z" finished-at="2018-11-01T14:41:40Z">
          <reporter-output>
            <line>
              <![CDATA[2018-11-01 14:41:40,245 INFO  com.liveguru.TC_02_VerifyDiscountCoupon - ----------------- PASSED -----------------
]]>
            </line>
          </reporter-output>
        </test-method> <!-- TC_02_VerifyCoupon -->
        <test-method status="PASS" signature="afterClass()[pri:0, instance:com.liveguru.TC_02_VerifyDiscountCoupon@2a40cd94]" name="afterClass" is-config="true" duration-ms="970" started-at="2018-11-01T14:41:40Z" finished-at="2018-11-01T14:41:41Z">
          <reporter-output>
            <line>
              <![CDATA[2018-11-01 14:41:41,216 INFO  com.liveguru.TC_02_VerifyDiscountCoupon - ---------- QUIT BROWSER SUCCESS ----------
]]>
            </line>
          </reporter-output>
        </test-method> <!-- afterClass -->
      </class> <!-- com.liveguru.TC_02_VerifyDiscountCoupon -->
      <class name="com.liveguru.TC_03_AddOverQuantiyInStock">
        <test-method status="PASS" signature="beforeClass(java.lang.String, java.lang.String, java.lang.String)[pri:0, instance:com.liveguru.TC_03_AddOverQuantiyInStock@f4168b8]" name="beforeClass" is-config="true" duration-ms="13332" started-at="2018-11-01T14:41:41Z" finished-at="2018-11-01T14:41:54Z">
          <params>
            <param index="0">
              <value>
                <![CDATA[chrome]]>
              </value>
            </param>
            <param index="1">
              <value>
                <![CDATA[2.41]]>
              </value>
            </param>
            <param index="2">
              <value>
                <![CDATA[http://live.guru99.com/]]>
              </value>
            </param>
          </params>
          <reporter-output>
            <line>
              <![CDATA[2018-11-01 14:41:46,306 INFO  com.liveguru.TC_03_AddOverQuantiyInStock - Before Class: Open Url of Login Page
]]>
            </line>
          </reporter-output>
        </test-method> <!-- beforeClass -->
        <test-method status="PASS" signature="TC_01_AddOverQuantity()[pri:0, instance:com.liveguru.TC_03_AddOverQuantiyInStock@f4168b8]" name="TC_01_AddOverQuantity" duration-ms="11079" started-at="2018-11-01T14:41:54Z" finished-at="2018-11-01T14:42:05Z">
          <reporter-output>
            <line>
              <![CDATA[2018-11-01 14:42:03,977 INFO  com.liveguru.TC_03_AddOverQuantiyInStock - ----------------- PASSED -----------------
]]>
            </line>
            <line>
              <![CDATA[2018-11-01 14:42:04,027 INFO  com.liveguru.TC_03_AddOverQuantiyInStock - * The maximum quantity allowed for purchase is 500. is equals * The maximum quantity allowed for purchase is 500.
]]>
            </line>
            <line>
              <![CDATA[2018-11-01 14:42:04,027 INFO  com.liveguru.TC_03_AddOverQuantiyInStock - ----------------- PASSED -----------------
]]>
            </line>
            <line>
              <![CDATA[2018-11-01 14:42:04,027 INFO  com.liveguru.TC_03_AddOverQuantiyInStock - Click to Empty Cart
]]>
            </line>
            <line>
              <![CDATA[2018-11-01 14:42:05,540 INFO  com.liveguru.TC_03_AddOverQuantiyInStock - Verify Empty Msg is displayed
]]>
            </line>
            <line>
              <![CDATA[2018-11-01 14:42:05,572 INFO  com.liveguru.TC_03_AddOverQuantiyInStock - ----------------- PASSED -----------------
]]>
            </line>
            <line>
              <![CDATA[2018-11-01 14:42:05,572 INFO  com.liveguru.TC_03_AddOverQuantiyInStock - Verify content of Empty Msg
]]>
            </line>
            <line>
              <![CDATA[2018-11-01 14:42:05,628 INFO  com.liveguru.TC_03_AddOverQuantiyInStock - SHOPPING CART IS EMPTY is equals SHOPPING CART IS EMPTY
]]>
            </line>
            <line>
              <![CDATA[2018-11-01 14:42:05,628 INFO  com.liveguru.TC_03_AddOverQuantiyInStock - ----------------- PASSED -----------------
]]>
            </line>
          </reporter-output>
        </test-method> <!-- TC_01_AddOverQuantity -->
        <test-method status="PASS" signature="afterClass()[pri:0, instance:com.liveguru.TC_03_AddOverQuantiyInStock@f4168b8]" name="afterClass" is-config="true" duration-ms="872" started-at="2018-11-01T14:42:05Z" finished-at="2018-11-01T14:42:06Z">
          <reporter-output>
            <line>
              <![CDATA[2018-11-01 14:42:06,501 INFO  com.liveguru.TC_03_AddOverQuantiyInStock - ---------- QUIT BROWSER SUCCESS ----------
]]>
            </line>
          </reporter-output>
        </test-method> <!-- afterClass -->
      </class> <!-- com.liveguru.TC_03_AddOverQuantiyInStock -->
    </test> <!-- Run on CHROME -->
  </suite> <!-- Suite -->
</testng-results>
